<?xml version="1.0" encoding="UTF-8"?>
<!-- Generated by org.testng.reporters.JUnitXMLReporter -->
<testsuite ignored="0" hostname="SHOAS" failures="1" tests="1" name="ChromeTest" time="0.079" errors="0" timestamp="2025-07-20T11:56:46 CDT">
  <testcase classname="TestCrossBrowser.Cross_Browser" name="@AfterTest EndBrowser" time="0.001">
    <failure type="java.lang.NullPointerException">
      <![CDATA[java.lang.NullPointerException
at TestCrossBrowser.Cross_Browser.EndBrowser(Cross_Browser.java:53)
... Removed 24 stack frames]]>
    </failure>
  </testcase> <!-- @AfterTest EndBrowser -->
  <testcase classname="TestCrossBrowser.Cross_Browser" name="login" time="0.006">
    <failure type="java.lang.NullPointerException">
      <![CDATA[java.lang.NullPointerException
at TestCrossBrowser.Cross_Browser.login(Cross_Browser.java:41)
at java.base/java.util.ArrayList.forEach(ArrayList.java:1541)
... Removed 27 stack frames]]>
    </failure>
  </testcase> <!-- login -->
</testsuite> <!-- ChromeTest -->
