<?xml version="1.0" encoding="UTF-8"?>
<testng-results ignored="0" total="2" passed="2" failed="0" skipped="0">
  <reporter-output>
  </reporter-output>
  <suite started-at="2025-07-30T22:24:18 CDT" name="Default suite" finished-at="2025-07-30T22:24:38 CDT" duration-ms="19303">
    <groups>
    </groups>
    <test started-at="2025-07-30T22:24:18 CDT" name="Default test" finished-at="2025-07-30T22:24:38 CDT" duration-ms="19303">
      <class name="TestNG_Prectice.Before_AfterTest">
        <test-method is-config="true" signature="srtUP()[pri:0, instance:TestNG_Prectice.Before_AfterTest@514646ef]" started-at="2025-07-30T22:24:18 CDT" name="srtUP" finished-at="2025-07-30T22:24:28 CDT" duration-ms="9313" status="PASS">
          <reporter-output>
          </reporter-output>
        </test-method> <!-- srtUP -->
        <test-method signature="loginstep()[pri:0, instance:TestNG_Prectice.Before_AfterTest@514646ef]" started-at="2025-07-30T22:24:28 CDT" name="loginstep" finished-at="2025-07-30T22:24:30 CDT" duration-ms="2706" status="PASS">
          <reporter-output>
          </reporter-output>
        </test-method> <!-- loginstep -->
        <test-method signature="loginstep2()[pri:0, instance:TestNG_Prectice.Before_AfterTest@514646ef]" started-at="2025-07-30T22:24:30 CDT" name="loginstep2" finished-at="2025-07-30T22:24:32 CDT" duration-ms="1942" status="PASS">
          <reporter-output>
          </reporter-output>
        </test-method> <!-- loginstep2 -->
        <test-method is-config="true" signature="CloseTest()[pri:0, instance:TestNG_Prectice.Before_AfterTest@514646ef]" started-at="2025-07-30T22:24:32 CDT" name="CloseTest" finished-at="2025-07-30T22:24:38 CDT" duration-ms="5289" status="PASS">
          <reporter-output>
          </reporter-output>
        </test-method> <!-- CloseTest -->
      </class> <!-- TestNG_Prectice.Before_AfterTest -->
    </test> <!-- Default test -->
  </suite> <!-- Default suite -->
</testng-results>
